app/build/intermediates/manifest_merge_blame_file/release/manifest-merger-blame-release-report.txt
1<?xml version="1.0" encoding="utf-8"?>
2<manifest xmlns:android="http://schemas.android.com/apk/res/android"
3    package="com.example.askgpt"
4    android:versionCode="1"
5    android:versionName="1.0.0" >
6
7    <uses-sdk
8        android:minSdkVersion="24"
9        android:targetSdkVersion="34" />
10
11    <!-- Essential permissions for clipboard monitoring and notifications -->
12    <uses-permission android:name="android.permission.FOREGROUND_SERVICE" />
12-->src\main\AndroidManifest.xml:6:5-77
12-->src\main\AndroidManifest.xml:6:22-74
13    <uses-permission android:name="android.permission.FOREGROUND_SERVICE_SPECIAL_USE" />
13-->src\main\AndroidManifest.xml:7:5-89
13-->src\main\AndroidManifest.xml:7:22-86
14    <uses-permission android:name="android.permission.POST_NOTIFICATIONS" />
14-->src\main\AndroidManifest.xml:8:5-77
14-->src\main\AndroidManifest.xml:8:22-74
15    <uses-permission android:name="android.permission.WAKE_LOCK" />
15-->src\main\AndroidManifest.xml:9:5-68
15-->src\main\AndroidManifest.xml:9:22-65
16    <uses-permission android:name="android.permission.REQUEST_IGNORE_BATTERY_OPTIMIZATIONS" />
16-->src\main\AndroidManifest.xml:10:5-95
16-->src\main\AndroidManifest.xml:10:22-92
17    <uses-permission android:name="android.permission.RECEIVE_BOOT_COMPLETED" />
17-->src\main\AndroidManifest.xml:11:5-81
17-->src\main\AndroidManifest.xml:11:22-78
18    <uses-permission android:name="android.permission.BIND_ACCESSIBILITY_SERVICE" />
18-->src\main\AndroidManifest.xml:12:5-85
18-->src\main\AndroidManifest.xml:12:22-82
19
20    <!-- Enhanced background operation permissions -->
21    <uses-permission android:name="android.permission.SYSTEM_ALERT_WINDOW" />
21-->src\main\AndroidManifest.xml:15:5-78
21-->src\main\AndroidManifest.xml:15:22-75
22    <uses-permission android:name="android.permission.REQUEST_COMPANION_RUN_IN_BACKGROUND" />
22-->src\main\AndroidManifest.xml:16:5-94
22-->src\main\AndroidManifest.xml:16:22-91
23    <uses-permission android:name="android.permission.REQUEST_COMPANION_START_FOREGROUND_SERVICES_FROM_BACKGROUND" />
23-->src\main\AndroidManifest.xml:17:5-118
23-->src\main\AndroidManifest.xml:17:22-115
24    <uses-permission android:name="android.permission.SCHEDULE_EXACT_ALARM" />
24-->src\main\AndroidManifest.xml:18:5-79
24-->src\main\AndroidManifest.xml:18:22-76
25
26    <!-- HyperOS/MIUI specific permissions for better recognition -->
27    <uses-permission android:name="android.permission.QUERY_ALL_PACKAGES" />
27-->src\main\AndroidManifest.xml:21:5-22:66
27-->src\main\AndroidManifest.xml:21:22-74
28
29    <!-- Declare app as accessibility provider -->
30    <uses-feature
30-->src\main\AndroidManifest.xml:25:5-27:36
31        android:name="android.software.accessibility"
31-->src\main\AndroidManifest.xml:26:9-54
32        android:required="false" />
32-->src\main\AndroidManifest.xml:27:9-33
33
34    <uses-permission android:name="android.permission.ACCESS_NETWORK_STATE" />
34-->[androidx.work:work-runtime:2.8.1] AndroidManifest.xml:24:5-79
34-->[androidx.work:work-runtime:2.8.1] AndroidManifest.xml:24:22-76
35
36    <permission
36-->[androidx.core:core:1.10.1] AndroidManifest.xml:22:5-24:47
37        android:name="com.example.askgpt.DYNAMIC_RECEIVER_NOT_EXPORTED_PERMISSION"
37-->[androidx.core:core:1.10.1] AndroidManifest.xml:23:9-81
38        android:protectionLevel="signature" />
38-->[androidx.core:core:1.10.1] AndroidManifest.xml:24:9-44
39
40    <uses-permission android:name="com.example.askgpt.DYNAMIC_RECEIVER_NOT_EXPORTED_PERMISSION" />
40-->[androidx.core:core:1.10.1] AndroidManifest.xml:26:5-97
40-->[androidx.core:core:1.10.1] AndroidManifest.xml:26:22-94
41
42    <application
42-->src\main\AndroidManifest.xml:29:5-108:19
43        android:name="com.example.askgpt.AskGPTApplication"
43-->src\main\AndroidManifest.xml:30:9-42
44        android:allowBackup="true"
44-->src\main\AndroidManifest.xml:31:9-35
45        android:appComponentFactory="androidx.core.app.CoreComponentFactory"
45-->[androidx.core:core:1.10.1] AndroidManifest.xml:28:18-86
46        android:dataExtractionRules="@xml/data_extraction_rules"
46-->src\main\AndroidManifest.xml:32:9-65
47        android:extractNativeLibs="false"
48        android:fullBackupContent="@xml/backup_rules"
48-->src\main\AndroidManifest.xml:33:9-54
49        android:icon="@mipmap/ic_launcher"
49-->src\main\AndroidManifest.xml:34:9-43
50        android:label="@string/app_name"
50-->src\main\AndroidManifest.xml:35:9-41
51        android:preserveLegacyExternalStorage="false"
51-->src\main\AndroidManifest.xml:40:9-54
52        android:requestLegacyExternalStorage="false"
52-->src\main\AndroidManifest.xml:39:9-53
53        android:roundIcon="@mipmap/ic_launcher_round"
53-->src\main\AndroidManifest.xml:36:9-54
54        android:supportsRtl="true"
54-->src\main\AndroidManifest.xml:37:9-35
55        android:theme="@style/Theme.AskGPT" >
55-->src\main\AndroidManifest.xml:38:9-44
56
57        <!-- App metadata for proper system recognition -->
58        <meta-data
58-->src\main\AndroidManifest.xml:43:9-44:91
59            android:name="com.android.app.description"
59-->src\main\AndroidManifest.xml:43:20-62
60            android:value="Clipboard monitoring and text processing application" />
60-->src\main\AndroidManifest.xml:44:20-88
61        <meta-data
61-->src\main\AndroidManifest.xml:45:9-46:51
62            android:name="com.android.app.category"
62-->src\main\AndroidManifest.xml:45:20-59
63            android:value="productivity" />
63-->src\main\AndroidManifest.xml:46:20-48
64        <meta-data
64-->src\main\AndroidManifest.xml:47:9-48:43
65            android:name="com.android.app.accessibility"
65-->src\main\AndroidManifest.xml:47:20-64
66            android:value="true" />
66-->src\main\AndroidManifest.xml:48:20-40
67
68        <!-- Main Activity -->
69        <activity
69-->src\main\AndroidManifest.xml:51:9-60:20
70            android:name="com.example.askgpt.MainActivity"
70-->src\main\AndroidManifest.xml:52:13-41
71            android:exported="true"
71-->src\main\AndroidManifest.xml:53:13-36
72            android:label="@string/app_name"
72-->src\main\AndroidManifest.xml:54:13-45
73            android:theme="@style/Theme.AskGPT" >
73-->src\main\AndroidManifest.xml:55:13-48
74            <intent-filter>
74-->src\main\AndroidManifest.xml:56:13-59:29
75                <action android:name="android.intent.action.MAIN" />
75-->src\main\AndroidManifest.xml:57:17-69
75-->src\main\AndroidManifest.xml:57:25-66
76
77                <category android:name="android.intent.category.LAUNCHER" />
77-->src\main\AndroidManifest.xml:58:17-77
77-->src\main\AndroidManifest.xml:58:27-74
78            </intent-filter>
79        </activity>
80
81        <!-- Clipboard Monitoring Service (Core functionality) -->
82        <service
82-->src\main\AndroidManifest.xml:63:9-72:19
83            android:name="com.example.askgpt.services.ClipboardMonitoringService"
83-->src\main\AndroidManifest.xml:64:13-64
84            android:enabled="true"
84-->src\main\AndroidManifest.xml:65:13-35
85            android:exported="false"
85-->src\main\AndroidManifest.xml:66:13-37
86            android:foregroundServiceType="specialUse"
86-->src\main\AndroidManifest.xml:68:13-55
87            android:stopWithTask="false" >
87-->src\main\AndroidManifest.xml:67:13-41
88            <property
88-->src\main\AndroidManifest.xml:69:13-71:83
89                android:name="android.app.PROPERTY_SPECIAL_USE_FGS_SUBTYPE"
89-->src\main\AndroidManifest.xml:70:17-76
90                android:value="Clipboard monitoring for instant text detection" />
90-->src\main\AndroidManifest.xml:71:17-80
91        </service>
92
93        <!-- Service Watchdog for persistent background operation -->
94        <service
94-->src\main\AndroidManifest.xml:75:9-79:44
95            android:name="com.example.askgpt.services.ServiceWatchdog"
95-->src\main\AndroidManifest.xml:76:13-53
96            android:enabled="true"
96-->src\main\AndroidManifest.xml:77:13-35
97            android:exported="false"
97-->src\main\AndroidManifest.xml:78:13-37
98            android:stopWithTask="false" />
98-->src\main\AndroidManifest.xml:79:13-41
99
100        <!-- Accessibility Service for enhanced text monitoring -->
101        <service
101-->src\main\AndroidManifest.xml:82:9-92:19
102            android:name="com.example.askgpt.services.AskGPTAccessibilityService"
102-->src\main\AndroidManifest.xml:83:13-64
103            android:exported="false"
103-->src\main\AndroidManifest.xml:84:13-37
104            android:permission="android.permission.BIND_ACCESSIBILITY_SERVICE" >
104-->src\main\AndroidManifest.xml:85:13-79
105            <intent-filter>
105-->src\main\AndroidManifest.xml:86:13-88:29
106                <action android:name="android.accessibilityservice.AccessibilityService" />
106-->src\main\AndroidManifest.xml:87:17-92
106-->src\main\AndroidManifest.xml:87:25-89
107            </intent-filter>
108
109            <meta-data
109-->src\main\AndroidManifest.xml:89:13-91:72
110                android:name="android.accessibilityservice"
110-->src\main\AndroidManifest.xml:90:17-60
111                android:resource="@xml/accessibility_service_config" />
111-->src\main\AndroidManifest.xml:91:17-69
112        </service>
113
114        <!-- Boot receiver to restart service after device reboot -->
115        <receiver
115-->src\main\AndroidManifest.xml:95:9-106:20
116            android:name="com.example.askgpt.receivers.BootReceiver"
116-->src\main\AndroidManifest.xml:96:13-51
117            android:enabled="true"
117-->src\main\AndroidManifest.xml:97:13-35
118            android:exported="false" >
118-->src\main\AndroidManifest.xml:98:13-37
119            <intent-filter android:priority="1000" >
119-->src\main\AndroidManifest.xml:99:13-105:29
119-->src\main\AndroidManifest.xml:99:28-51
120                <action android:name="android.intent.action.BOOT_COMPLETED" />
120-->src\main\AndroidManifest.xml:100:17-79
120-->src\main\AndroidManifest.xml:100:25-76
121                <action android:name="android.intent.action.QUICKBOOT_POWERON" />
121-->src\main\AndroidManifest.xml:101:17-82
121-->src\main\AndroidManifest.xml:101:25-79
122                <action android:name="android.intent.action.MY_PACKAGE_REPLACED" />
122-->src\main\AndroidManifest.xml:102:17-84
122-->src\main\AndroidManifest.xml:102:25-81
123                <action android:name="android.intent.action.PACKAGE_REPLACED" />
123-->src\main\AndroidManifest.xml:103:17-81
123-->src\main\AndroidManifest.xml:103:25-78
124
125                <data android:scheme="package" />
125-->src\main\AndroidManifest.xml:104:17-50
125-->src\main\AndroidManifest.xml:104:23-47
126            </intent-filter>
127        </receiver>
128
129        <provider
129-->[androidx.work:work-runtime:2.8.1] AndroidManifest.xml:29:9-37:20
130            android:name="androidx.startup.InitializationProvider"
130-->[androidx.work:work-runtime:2.8.1] AndroidManifest.xml:30:13-67
131            android:authorities="com.example.askgpt.androidx-startup"
131-->[androidx.work:work-runtime:2.8.1] AndroidManifest.xml:31:13-68
132            android:exported="false" >
132-->[androidx.work:work-runtime:2.8.1] AndroidManifest.xml:32:13-37
133            <meta-data
133-->[androidx.work:work-runtime:2.8.1] AndroidManifest.xml:34:13-36:52
134                android:name="androidx.work.WorkManagerInitializer"
134-->[androidx.work:work-runtime:2.8.1] AndroidManifest.xml:35:17-68
135                android:value="androidx.startup" />
135-->[androidx.work:work-runtime:2.8.1] AndroidManifest.xml:36:17-49
136            <meta-data
136-->[androidx.emoji2:emoji2:1.4.0] AndroidManifest.xml:29:13-31:52
137                android:name="androidx.emoji2.text.EmojiCompatInitializer"
137-->[androidx.emoji2:emoji2:1.4.0] AndroidManifest.xml:30:17-75
138                android:value="androidx.startup" />
138-->[androidx.emoji2:emoji2:1.4.0] AndroidManifest.xml:31:17-49
139            <meta-data
139-->[androidx.lifecycle:lifecycle-process:2.6.1] AndroidManifest.xml:29:13-31:52
140                android:name="androidx.lifecycle.ProcessLifecycleInitializer"
140-->[androidx.lifecycle:lifecycle-process:2.6.1] AndroidManifest.xml:30:17-78
141                android:value="androidx.startup" />
141-->[androidx.lifecycle:lifecycle-process:2.6.1] AndroidManifest.xml:31:17-49
142            <meta-data
142-->[androidx.profileinstaller:profileinstaller:1.3.0] AndroidManifest.xml:29:13-31:52
143                android:name="androidx.profileinstaller.ProfileInstallerInitializer"
143-->[androidx.profileinstaller:profileinstaller:1.3.0] AndroidManifest.xml:30:17-85
144                android:value="androidx.startup" />
144-->[androidx.profileinstaller:profileinstaller:1.3.0] AndroidManifest.xml:31:17-49
145        </provider>
146
147        <service
147-->[androidx.work:work-runtime:2.8.1] AndroidManifest.xml:39:9-45:35
148            android:name="androidx.work.impl.background.systemalarm.SystemAlarmService"
148-->[androidx.work:work-runtime:2.8.1] AndroidManifest.xml:40:13-88
149            android:directBootAware="false"
149-->[androidx.work:work-runtime:2.8.1] AndroidManifest.xml:41:13-44
150            android:enabled="@bool/enable_system_alarm_service_default"
150-->[androidx.work:work-runtime:2.8.1] AndroidManifest.xml:42:13-72
151            android:exported="false" />
151-->[androidx.work:work-runtime:2.8.1] AndroidManifest.xml:43:13-37
152        <service
152-->[androidx.work:work-runtime:2.8.1] AndroidManifest.xml:46:9-52:35
153            android:name="androidx.work.impl.background.systemjob.SystemJobService"
153-->[androidx.work:work-runtime:2.8.1] AndroidManifest.xml:47:13-84
154            android:directBootAware="false"
154-->[androidx.work:work-runtime:2.8.1] AndroidManifest.xml:48:13-44
155            android:enabled="@bool/enable_system_job_service_default"
155-->[androidx.work:work-runtime:2.8.1] AndroidManifest.xml:49:13-70
156            android:exported="true"
156-->[androidx.work:work-runtime:2.8.1] AndroidManifest.xml:50:13-36
157            android:permission="android.permission.BIND_JOB_SERVICE" />
157-->[androidx.work:work-runtime:2.8.1] AndroidManifest.xml:51:13-69
158        <service
158-->[androidx.work:work-runtime:2.8.1] AndroidManifest.xml:53:9-59:35
159            android:name="androidx.work.impl.foreground.SystemForegroundService"
159-->[androidx.work:work-runtime:2.8.1] AndroidManifest.xml:54:13-81
160            android:directBootAware="false"
160-->[androidx.work:work-runtime:2.8.1] AndroidManifest.xml:55:13-44
161            android:enabled="@bool/enable_system_foreground_service_default"
161-->[androidx.work:work-runtime:2.8.1] AndroidManifest.xml:56:13-77
162            android:exported="false" />
162-->[androidx.work:work-runtime:2.8.1] AndroidManifest.xml:57:13-37
163
164        <receiver
164-->[androidx.work:work-runtime:2.8.1] AndroidManifest.xml:61:9-66:35
165            android:name="androidx.work.impl.utils.ForceStopRunnable$BroadcastReceiver"
165-->[androidx.work:work-runtime:2.8.1] AndroidManifest.xml:62:13-88
166            android:directBootAware="false"
166-->[androidx.work:work-runtime:2.8.1] AndroidManifest.xml:63:13-44
167            android:enabled="true"
167-->[androidx.work:work-runtime:2.8.1] AndroidManifest.xml:64:13-35
168            android:exported="false" />
168-->[androidx.work:work-runtime:2.8.1] AndroidManifest.xml:65:13-37
169        <receiver
169-->[androidx.work:work-runtime:2.8.1] AndroidManifest.xml:67:9-77:20
170            android:name="androidx.work.impl.background.systemalarm.ConstraintProxy$BatteryChargingProxy"
170-->[androidx.work:work-runtime:2.8.1] AndroidManifest.xml:68:13-106
171            android:directBootAware="false"
171-->[androidx.work:work-runtime:2.8.1] AndroidManifest.xml:69:13-44
172            android:enabled="false"
172-->[androidx.work:work-runtime:2.8.1] AndroidManifest.xml:70:13-36
173            android:exported="false" >
173-->[androidx.work:work-runtime:2.8.1] AndroidManifest.xml:71:13-37
174            <intent-filter>
174-->[androidx.work:work-runtime:2.8.1] AndroidManifest.xml:73:13-76:29
175                <action android:name="android.intent.action.ACTION_POWER_CONNECTED" />
175-->[androidx.work:work-runtime:2.8.1] AndroidManifest.xml:74:17-87
175-->[androidx.work:work-runtime:2.8.1] AndroidManifest.xml:74:25-84
176                <action android:name="android.intent.action.ACTION_POWER_DISCONNECTED" />
176-->[androidx.work:work-runtime:2.8.1] AndroidManifest.xml:75:17-90
176-->[androidx.work:work-runtime:2.8.1] AndroidManifest.xml:75:25-87
177            </intent-filter>
178        </receiver>
179        <receiver
179-->[androidx.work:work-runtime:2.8.1] AndroidManifest.xml:78:9-88:20
180            android:name="androidx.work.impl.background.systemalarm.ConstraintProxy$BatteryNotLowProxy"
180-->[androidx.work:work-runtime:2.8.1] AndroidManifest.xml:79:13-104
181            android:directBootAware="false"
181-->[androidx.work:work-runtime:2.8.1] AndroidManifest.xml:80:13-44
182            android:enabled="false"
182-->[androidx.work:work-runtime:2.8.1] AndroidManifest.xml:81:13-36
183            android:exported="false" >
183-->[androidx.work:work-runtime:2.8.1] AndroidManifest.xml:82:13-37
184            <intent-filter>
184-->[androidx.work:work-runtime:2.8.1] AndroidManifest.xml:84:13-87:29
185                <action android:name="android.intent.action.BATTERY_OKAY" />
185-->[androidx.work:work-runtime:2.8.1] AndroidManifest.xml:85:17-77
185-->[androidx.work:work-runtime:2.8.1] AndroidManifest.xml:85:25-74
186                <action android:name="android.intent.action.BATTERY_LOW" />
186-->[androidx.work:work-runtime:2.8.1] AndroidManifest.xml:86:17-76
186-->[androidx.work:work-runtime:2.8.1] AndroidManifest.xml:86:25-73
187            </intent-filter>
188        </receiver>
189        <receiver
189-->[androidx.work:work-runtime:2.8.1] AndroidManifest.xml:89:9-99:20
190            android:name="androidx.work.impl.background.systemalarm.ConstraintProxy$StorageNotLowProxy"
190-->[androidx.work:work-runtime:2.8.1] AndroidManifest.xml:90:13-104
191            android:directBootAware="false"
191-->[androidx.work:work-runtime:2.8.1] AndroidManifest.xml:91:13-44
192            android:enabled="false"
192-->[androidx.work:work-runtime:2.8.1] AndroidManifest.xml:92:13-36
193            android:exported="false" >
193-->[androidx.work:work-runtime:2.8.1] AndroidManifest.xml:93:13-37
194            <intent-filter>
194-->[androidx.work:work-runtime:2.8.1] AndroidManifest.xml:95:13-98:29
195                <action android:name="android.intent.action.DEVICE_STORAGE_LOW" />
195-->[androidx.work:work-runtime:2.8.1] AndroidManifest.xml:96:17-83
195-->[androidx.work:work-runtime:2.8.1] AndroidManifest.xml:96:25-80
196                <action android:name="android.intent.action.DEVICE_STORAGE_OK" />
196-->[androidx.work:work-runtime:2.8.1] AndroidManifest.xml:97:17-82
196-->[androidx.work:work-runtime:2.8.1] AndroidManifest.xml:97:25-79
197            </intent-filter>
198        </receiver>
199        <receiver
199-->[androidx.work:work-runtime:2.8.1] AndroidManifest.xml:100:9-109:20
200            android:name="androidx.work.impl.background.systemalarm.ConstraintProxy$NetworkStateProxy"
200-->[androidx.work:work-runtime:2.8.1] AndroidManifest.xml:101:13-103
201            android:directBootAware="false"
201-->[androidx.work:work-runtime:2.8.1] AndroidManifest.xml:102:13-44
202            android:enabled="false"
202-->[androidx.work:work-runtime:2.8.1] AndroidManifest.xml:103:13-36
203            android:exported="false" >
203-->[androidx.work:work-runtime:2.8.1] AndroidManifest.xml:104:13-37
204            <intent-filter>
204-->[androidx.work:work-runtime:2.8.1] AndroidManifest.xml:106:13-108:29
205                <action android:name="android.net.conn.CONNECTIVITY_CHANGE" />
205-->[androidx.work:work-runtime:2.8.1] AndroidManifest.xml:107:17-79
205-->[androidx.work:work-runtime:2.8.1] AndroidManifest.xml:107:25-76
206            </intent-filter>
207        </receiver>
208        <receiver
208-->[androidx.work:work-runtime:2.8.1] AndroidManifest.xml:110:9-121:20
209            android:name="androidx.work.impl.background.systemalarm.RescheduleReceiver"
209-->[androidx.work:work-runtime:2.8.1] AndroidManifest.xml:111:13-88
210            android:directBootAware="false"
210-->[androidx.work:work-runtime:2.8.1] AndroidManifest.xml:112:13-44
211            android:enabled="false"
211-->[androidx.work:work-runtime:2.8.1] AndroidManifest.xml:113:13-36
212            android:exported="false" >
212-->[androidx.work:work-runtime:2.8.1] AndroidManifest.xml:114:13-37
213            <intent-filter>
213-->[androidx.work:work-runtime:2.8.1] AndroidManifest.xml:116:13-120:29
214                <action android:name="android.intent.action.BOOT_COMPLETED" />
214-->src\main\AndroidManifest.xml:100:17-79
214-->src\main\AndroidManifest.xml:100:25-76
215                <action android:name="android.intent.action.TIME_SET" />
215-->[androidx.work:work-runtime:2.8.1] AndroidManifest.xml:118:17-73
215-->[androidx.work:work-runtime:2.8.1] AndroidManifest.xml:118:25-70
216                <action android:name="android.intent.action.TIMEZONE_CHANGED" />
216-->[androidx.work:work-runtime:2.8.1] AndroidManifest.xml:119:17-81
216-->[androidx.work:work-runtime:2.8.1] AndroidManifest.xml:119:25-78
217            </intent-filter>
218        </receiver>
219        <receiver
219-->[androidx.work:work-runtime:2.8.1] AndroidManifest.xml:122:9-131:20
220            android:name="androidx.work.impl.background.systemalarm.ConstraintProxyUpdateReceiver"
220-->[androidx.work:work-runtime:2.8.1] AndroidManifest.xml:123:13-99
221            android:directBootAware="false"
221-->[androidx.work:work-runtime:2.8.1] AndroidManifest.xml:124:13-44
222            android:enabled="@bool/enable_system_alarm_service_default"
222-->[androidx.work:work-runtime:2.8.1] AndroidManifest.xml:125:13-72
223            android:exported="false" >
223-->[androidx.work:work-runtime:2.8.1] AndroidManifest.xml:126:13-37
224            <intent-filter>
224-->[androidx.work:work-runtime:2.8.1] AndroidManifest.xml:128:13-130:29
225                <action android:name="androidx.work.impl.background.systemalarm.UpdateProxies" />
225-->[androidx.work:work-runtime:2.8.1] AndroidManifest.xml:129:17-98
225-->[androidx.work:work-runtime:2.8.1] AndroidManifest.xml:129:25-95
226            </intent-filter>
227        </receiver>
228        <receiver
228-->[androidx.work:work-runtime:2.8.1] AndroidManifest.xml:132:9-142:20
229            android:name="androidx.work.impl.diagnostics.DiagnosticsReceiver"
229-->[androidx.work:work-runtime:2.8.1] AndroidManifest.xml:133:13-78
230            android:directBootAware="false"
230-->[androidx.work:work-runtime:2.8.1] AndroidManifest.xml:134:13-44
231            android:enabled="true"
231-->[androidx.work:work-runtime:2.8.1] AndroidManifest.xml:135:13-35
232            android:exported="true"
232-->[androidx.work:work-runtime:2.8.1] AndroidManifest.xml:136:13-36
233            android:permission="android.permission.DUMP" >
233-->[androidx.work:work-runtime:2.8.1] AndroidManifest.xml:137:13-57
234            <intent-filter>
234-->[androidx.work:work-runtime:2.8.1] AndroidManifest.xml:139:13-141:29
235                <action android:name="androidx.work.diagnostics.REQUEST_DIAGNOSTICS" />
235-->[androidx.work:work-runtime:2.8.1] AndroidManifest.xml:140:17-88
235-->[androidx.work:work-runtime:2.8.1] AndroidManifest.xml:140:25-85
236            </intent-filter>
237        </receiver>
238
239        <service
239-->[androidx.room:room-runtime:2.5.0] AndroidManifest.xml:24:9-28:63
240            android:name="androidx.room.MultiInstanceInvalidationService"
240-->[androidx.room:room-runtime:2.5.0] AndroidManifest.xml:25:13-74
241            android:directBootAware="true"
241-->[androidx.room:room-runtime:2.5.0] AndroidManifest.xml:26:13-43
242            android:exported="false" />
242-->[androidx.room:room-runtime:2.5.0] AndroidManifest.xml:27:13-37
243
244        <receiver
244-->[androidx.profileinstaller:profileinstaller:1.3.0] AndroidManifest.xml:34:9-52:20
245            android:name="androidx.profileinstaller.ProfileInstallReceiver"
245-->[androidx.profileinstaller:profileinstaller:1.3.0] AndroidManifest.xml:35:13-76
246            android:directBootAware="false"
246-->[androidx.profileinstaller:profileinstaller:1.3.0] AndroidManifest.xml:36:13-44
247            android:enabled="true"
247-->[androidx.profileinstaller:profileinstaller:1.3.0] AndroidManifest.xml:37:13-35
248            android:exported="true"
248-->[androidx.profileinstaller:profileinstaller:1.3.0] AndroidManifest.xml:38:13-36
249            android:permission="android.permission.DUMP" >
249-->[androidx.profileinstaller:profileinstaller:1.3.0] AndroidManifest.xml:39:13-57
250            <intent-filter>
250-->[androidx.profileinstaller:profileinstaller:1.3.0] AndroidManifest.xml:40:13-42:29
251                <action android:name="androidx.profileinstaller.action.INSTALL_PROFILE" />
251-->[androidx.profileinstaller:profileinstaller:1.3.0] AndroidManifest.xml:41:17-91
251-->[androidx.profileinstaller:profileinstaller:1.3.0] AndroidManifest.xml:41:25-88
252            </intent-filter>
253            <intent-filter>
253-->[androidx.profileinstaller:profileinstaller:1.3.0] AndroidManifest.xml:43:13-45:29
254                <action android:name="androidx.profileinstaller.action.SKIP_FILE" />
254-->[androidx.profileinstaller:profileinstaller:1.3.0] AndroidManifest.xml:44:17-85
254-->[androidx.profileinstaller:profileinstaller:1.3.0] AndroidManifest.xml:44:25-82
255            </intent-filter>
256            <intent-filter>
256-->[androidx.profileinstaller:profileinstaller:1.3.0] AndroidManifest.xml:46:13-48:29
257                <action android:name="androidx.profileinstaller.action.SAVE_PROFILE" />
257-->[androidx.profileinstaller:profileinstaller:1.3.0] AndroidManifest.xml:47:17-88
257-->[androidx.profileinstaller:profileinstaller:1.3.0] AndroidManifest.xml:47:25-85
258            </intent-filter>
259            <intent-filter>
259-->[androidx.profileinstaller:profileinstaller:1.3.0] AndroidManifest.xml:49:13-51:29
260                <action android:name="androidx.profileinstaller.action.BENCHMARK_OPERATION" />
260-->[androidx.profileinstaller:profileinstaller:1.3.0] AndroidManifest.xml:50:17-95
260-->[androidx.profileinstaller:profileinstaller:1.3.0] AndroidManifest.xml:50:25-92
261            </intent-filter>
262        </receiver>
263    </application>
264
265</manifest>